[10:31:01]  [ros2up_node][WARRING]:Short client listen create start!
			Short client listen start!
			One log client add successful
			Long send failed! in vehs times=3
			Close one long client
			
vehs sended failed!

[10:31:06]  [ros2up_node][WARRING]:
			send device state data failed!

[10:34:14]  [ros2up_node][WARRING]:One log client add successful
			One log client add successful
			One log client add successful
			One log client add successful
			One log client add successful
			One log client add successful
			Long send failed! in vehs times=3
			Long send failed! in vehs times=3
			Long send failed! in vehs times=3
			Long send failed! in vehs times=3
			Long send failed! in vehs times=3
			Long send failed! in vehs times=3
			Close one long client
			Close one long client
			Close one long client
			Close one long client
			Close one long client
			Close one long client
			
vehs sended failed!

[10:34:29]  [ros2up_node][WARRING]:
			send device state data failed!

[10:34:58]  [ros2up_node][WARRING]:
			send device state data failed!

[10:35:27]  [ros2up_node][WARRING]:
			send device state data failed!

[10:36:16]  [ros2up_node][WARRING]:One log client add successful
			One log client add successful
			Long send failed! in vehs times=3
			Long send failed! in vehs times=3
			Close one long client
			Close one long client
			
vehs sended failed!

[10:36:25]  [ros2up_node][WARRING]:
			send device state data failed!

[10:36:54]  [ros2up_node][WARRING]:
			send device state data failed!

[10:37:23]  [ros2up_node][WARRING]:
			send device state data failed!

[10:37:52]  [ros2up_node][WARRING]:
			send device state data failed!

[10:38:21]  [ros2up_node][WARRING]:
			send device state data failed!

[10:39:38]  [ros2up_node][INFO   ]:Network info responed successful!
[10:39:38]  [ros2up_node][INFO   ]:Get a message with 0x02 head from short net!
[10:39:38]  [ros2up_node][INFO   ]:cross through crc!
			data:(1.0, 1.0, 133.0, 135.0)
[10:39:38]  [ros2up_node][INFO   ]:Enter online Q responed!
[10:39:38]  [ros2up_node][INFO   ]:One log client add successful
			One log client add successful
			One short client connecte successful!
			Recv one short data in TCP
			server short sended len:7
			短链接 服务器断开!
			online responed successful !
[10:39:53]  [ros2up_node][INFO   ]:Network info responed successful!
[10:39:53]  [ros2up_node][INFO   ]:Get a message with 0x02 head from short net!
[10:39:53]  [ros2up_node][INFO   ]:cross through crc!
			data:(1.0, 1.0, 133.0, 135.0)
[10:39:53]  [ros2up_node][INFO   ]:Enter online Q responed!
[10:39:53]  [ros2up_node][INFO   ]:Short client listen start!
			One log client add successful
			One log client add successful
			One short client connecte successful!
			Recv one short data in TCP
			server short sended len:7
			短链接 服务器断开!
			online responed successful !
[10:41:58]  [ros2up_node][WARRING]:Short client listen start!
			Long send failed! in vehs times=3
			Close one long client
			Long send failed! in vehs times=3
			Long send failed! in vehs times=3
			Long send failed! in vehs times=3
			Close one long client
			Close one long client
			Close one long client
			
vehs sended failed!

[10:46:46]  [ros2up_node][INFO   ]:Network info responed successful!
[10:46:46]  [ros2up_node][INFO   ]:Get a message with 0x02 head from short net!
[10:46:46]  [ros2up_node][INFO   ]:cross through crc!
			data:(1.0, 1.0, 133.0, 135.0)
[10:46:46]  [ros2up_node][INFO   ]:Enter online Q responed!
[10:46:46]  [ros2up_node][INFO   ]:One log client add successful
			One log client add successful
			One log client add successful
			Long send failed! in vehs times=3
			Long send failed! in vehs times=3
			Close one long client
			Close one long client
			One log client add successful
			One log client add successful
			One log client add successful
			One log client add successful
			Long send failed! in vehs times=3
			Long send failed! in vehs times=3
			Long send failed! in vehs times=3
			Long send failed! in vehs times=3
			Close one long client
			Close one long client
			Close one long client
			Close one long client
			One log client add successful
			One short client connecte successful!
			Recv one short data in TCP
			server short sended len:7
			短链接 服务器断开!
			online responed successful !
[10:47:01]  [ros2up_node][INFO   ]:Network info responed successful!
[10:47:01]  [ros2up_node][INFO   ]:Get a message with 0x02 head from short net!
[10:47:01]  [ros2up_node][INFO   ]:cross through crc!
			data:(1.0, 1.0, 133.0, 135.0)
[10:47:01]  [ros2up_node][INFO   ]:Enter online Q responed!
[10:47:01]  [ros2up_node][INFO   ]:Short client listen start!
			One short client connecte successful!
			Recv one short data in TCP
			server short sended len:7
			短链接 服务器断开!
			online responed successful !
[10:47:47]  [ros2up_node][INFO   ]:Network info responed successful!
[10:47:47]  [ros2up_node][INFO   ]:Get a message with 0x02 head from short net!
[10:47:47]  [ros2up_node][INFO   ]:cross through crc!
			data:(1.0, 1.0, 128.0, 88.0)
[10:47:47]  [ros2up_node][INFO   ]:This a required msg!
[10:47:47]  [setting_node][WARRING]:Require failed in result of different deviceid
[10:47:47]  [ros2up_node][INFO   ]:Call srv successful in ros2up_node
[10:47:47]  [ros2up_node][INFO   ]:Enter info inquired!
			data:(-0.10100000351667404, -0.10100000351667404, -0.10100000351667404)
[10:47:47]  [ros2up_node][INFO   ]:This device require failed!
[10:53:17]  [ros2up_node][WARRING]:Short client listen start!
			One short client connecte successful!
			Recv one short data in TCP
			Short client listen start!
			Long send failed! in vehs times=3
			Close one long client
			Long send failed! in vehs times=3
			Close one long client
			
vehs sended failed!

[10:53:21]  [ros2up_node][WARRING]:
			send device state data failed!

[10:53:50]  [ros2up_node][WARRING]:
			send device state data failed!

[10:54:19]  [ros2up_node][WARRING]:
			send device state data failed!

[10:54:48]  [ros2up_node][WARRING]:
			send device state data failed!

[10:55:17]  [ros2up_node][WARRING]:
			send device state data failed!

[10:55:46]  [ros2up_node][WARRING]:
			send device state data failed!

[10:56:15]  [ros2up_node][WARRING]:
			send device state data failed!

[10:56:44]  [ros2up_node][WARRING]:
			send device state data failed!

[10:57:13]  [ros2up_node][WARRING]:
			send device state data failed!

[10:57:42]  [ros2up_node][WARRING]:
			send device state data failed!

[10:58:11]  [ros2up_node][WARRING]:
			send device state data failed!

[10:58:40]  [ros2up_node][WARRING]:
			send device state data failed!

[10:59:10]  [ros2up_node][WARRING]:
			send device state data failed!

[10:59:39]  [ros2up_node][WARRING]:
			send device state data failed!

[11:00:08]  [ros2up_node][WARRING]:
			send device state data failed!

[11:00:37]  [ros2up_node][WARRING]:
			send device state data failed!

[11:01:06]  [ros2up_node][WARRING]:
			send device state data failed!

[11:01:35]  [ros2up_node][WARRING]:
			send device state data failed!

[11:02:04]  [ros2up_node][WARRING]:
			send device state data failed!

[11:02:33]  [ros2up_node][WARRING]:
			send device state data failed!

[11:03:02]  [ros2up_node][WARRING]:
			send device state data failed!

[11:03:31]  [ros2up_node][WARRING]:
			send device state data failed!

[11:04:00]  [ros2up_node][WARRING]:
			send device state data failed!

[11:04:29]  [ros2up_node][WARRING]:
			send device state data failed!

[11:04:58]  [ros2up_node][WARRING]:
			send device state data failed!

[11:05:27]  [ros2up_node][WARRING]:
			send device state data failed!

[11:05:56]  [ros2up_node][WARRING]:
			send device state data failed!

[11:06:25]  [ros2up_node][WARRING]:
			send device state data failed!

[11:06:54]  [ros2up_node][WARRING]:
			send device state data failed!

[11:07:23]  [ros2up_node][WARRING]:
			send device state data failed!

[11:07:52]  [ros2up_node][WARRING]:
			send device state data failed!

[11:08:21]  [ros2up_node][WARRING]:
			send device state data failed!

[11:08:50]  [ros2up_node][WARRING]:
			send device state data failed!

[11:09:19]  [ros2up_node][WARRING]:
			send device state data failed!

[11:09:48]  [ros2up_node][WARRING]:
			send device state data failed!

[11:10:17]  [ros2up_node][WARRING]:
			send device state data failed!

[11:10:46]  [ros2up_node][WARRING]:
			send device state data failed!

[11:11:15]  [ros2up_node][WARRING]:
			send device state data failed!

[11:11:44]  [ros2up_node][WARRING]:
			send device state data failed!

